[ main.py : 402 ]
[ load_tool.py : 94 ]
[ workflow.py : 409 ]
[ workflow.py : 315 ]
[ workflow.py : 197 ]
[ workflow.py : 409 ]
[ workflow.py : 315 ]
[ workflow.py : 197 ]
[ main.py : 648 ]
[ main.py : 402 ]
[ load_tool.py : 94 ]
[ workflow.py : 409 ]
[ workflow.py : 315 ]
[ workflow.py : 197 ]
[ workflow.py : 409 ]
[ workflow.py : 315 ]
[ workflow.py : 197 ]
[ docker.py : 374 ]
[ job.py : 223 ]
[ job.py : 502 ]
[ job.py : 517 ]
[ job.py : 518 ]
[ job.py : 328 ]
[ workflow.py : 282 ]
[ workflow.py : 315 ]
[ workflow.py : 197 ]
[ docker.py : 374 ]
[ job.py : 223 ]
[ job.py : 502 ]
[ job.py : 517 ]
[ job.py : 518 ]
[ job.py : 328 ]
[ workflow.py : 282 ]
[ workflow.py : 255 ]
[ workflow.py : 282 ]
[ workflow.py : 315 ]
[ workflow.py : 197 ]
[ workflow.py : 409 ]
[ workflow.py : 315 ]
[ workflow.py : 197 ]
[ docker.py : 374 ]
[ job.py : 223 ]
[ job.py : 502 ]
[ job.py : 517 ]
[ job.py : 518 ]
[ job.py : 328 ]
[ workflow.py : 282 ]
[ workflow.py : 255 ]
[ workflow.py : 197 ]
[ workflow.py : 409 ]
[ workflow.py : 315 ]
[ workflow.py : 197 ]
[ docker.py : 374 ]
[ job.py : 223 ]
[ job.py : 502 ]
[ job.py : 517 ]
[ job.py : 518 ]
[ main.py : 402 ]
[ load_tool.py : 94 ]
[ workflow.py : 409 ]
[ workflow.py : 315 ]
[ workflow.py : 197 ]
[ workflow.py : 409 ]
[ workflow.py : 315 ]
[ workflow.py : 197 ]
[ docker.py : 374 ]
[ job.py : 223 ]
[ job.py : 502 ]
[ job.py : 517 ]
[ job.py : 518 ]
[ job.py : 328 ]
[ workflow.py : 282 ]
[ workflow.py : 315 ]
[ workflow.py : 197 ]
[ docker.py : 374 ]
[ job.py : 223 ]
[ job.py : 502 ]
[ job.py : 517 ]
[ job.py : 518 ]
[ job.py : 328 ]
[ workflow.py : 282 ]
[ workflow.py : 255 ]
[ workflow.py : 282 ]
[ workflow.py : 315 ]
[ workflow.py : 197 ]
[ workflow.py : 409 ]
[ workflow.py : 315 ]
[ workflow.py : 197 ]
[ docker.py : 374 ]
[ job.py : 223 ]
[ job.py : 502 ]
[ job.py : 517 ]
[ job.py : 518 ]
[ job.py : 328 ]
[ workflow.py : 282 ]
[ workflow.py : 255 ]
[ workflow.py : 197 ]
[ workflow.py : 409 ]
[ workflow.py : 315 ]
[ workflow.py : 197 ]
[ docker.py : 374 ]
[ job.py : 223 ]
[ job.py : 502 ]
[ job.py : 517 ]
[ job.py : 518 ]
[ job.py : 328 ]
[ workflow.py : 282 ]
[ workflow.py : 255 ]
[ workflow.py : 282 ]
[ workflow.py : 255 ]
[ main.py : 633 ]
[ main.py : 408 ]
[ load_tool.py : 94 ]
[ main.py : 408 ]
[ load_tool.py : 94 ]
[ main.py : 415 ]
[ load_tool.py : 94 ]
[ main.py : 415 ]
[ load_tool.py : 94 ]
[ main.py : 412 ]
[ load_tool.py : 94 ]
[ main.py : 662 ]
[ main.py : 412 ]
[ load_tool.py : 94 ]
[ main.py : 412 ]
[ load_tool.py : 94 ]
[ executors.py : 178 ]
Traceback (most recent call last):
  File "/Users/viki/cwl_test/cwl_test/tool/cwltool/executors.py", line 167, in run_jobs
    for i in job:
TypeError: 'WorkflowJob' object is not iterable
[ main.py : 658 ]
[ main.py : 412 ]
[ load_tool.py : 94 ]
[ executors.py : 178 ]
Traceback (most recent call last):
  File "/Users/viki/cwl_test/cwl_test/tool/cwltool/executors.py", line 167, in run_jobs
    for k, v in job:
TypeError: 'WorkflowJob' object is not iterable
[ main.py : 658 ]
[ main.py : 412 ]
[ load_tool.py : 94 ]
[ executors.py : 178 ]
Traceback (most recent call last):
  File "/Users/viki/cwl_test/cwl_test/tool/cwltool/executors.py", line 167, in run_jobs
    for k, v in job:
TypeError: 'WorkflowJob' object is not iterable
[ main.py : 658 ]
[ main.py : 412 ]
[ load_tool.py : 94 ]
[ main.py : 412 ]
[ load_tool.py : 94 ]
[ executors.py : 177 ]
Traceback (most recent call last):
  File "/Users/viki/cwl_test/cwl_test/tool/cwltool/executors.py", line 166, in run_jobs
    print(runtime_context.__getattribute__())
TypeError: expected 1 arguments, got 0
[ main.py : 658 ]
[ main.py : 412 ]
[ load_tool.py : 94 ]
[ main.py : 412 ]
[ load_tool.py : 94 ]
[ executors.py : 177 ]
Traceback (most recent call last):
  File "/Users/viki/cwl_test/cwl_test/tool/cwltool/executors.py", line 167, in run_jobs
    print(job.builder)
AttributeError: 'WorkflowJob' object has no attribute 'builder'
[ main.py : 658 ]
[ main.py : 412 ]
[ load_tool.py : 94 ]
[ main.py : 412 ]
[ load_tool.py : 94 ]
[ workflow.py : 409 ]
[ workflow.py : 315 ]
[ workflow.py : 197 ]
[ workflow.py : 409 ]
[ workflow.py : 315 ]
[ workflow.py : 197 ]
[ workflow.py : 759 ]
Traceback (most recent call last):
  File "/Users/viki/cwl_test/cwl_test/tool/cwltool/workflow.py", line 753, in job
    runtimeContext):
  File "/Users/viki/cwl_test/cwl_test/tool/cwltool/command_line_tool.py", line 295, in job
    separateDirs=False)
  File "/Users/viki/cwl_test/cwl_test/tool/cwltool/pathmapper.py", line 220, in __init__
    self.setup(dedup(referenced_files), basedir)
  File "/Users/viki/cwl_test/cwl_test/tool/cwltool/pathmapper.py", line 273, in setup
    self.visit(fob, stagedir, basedir, copy=fob.get("writable"), staged=True)
  File "/Users/viki/cwl_test/cwl_test/tool/cwltool/pathmapper.py", line 262, in visit
    self.visitlisting(obj.get("secondaryFiles", []), stagedir, basedir, copy=copy, staged=staged)
  File "/usr/local/lib/python2.7/site-packages/schema_salad/sourceline.py", line 157, in __exit__
    raise self.makeError(six.text_type(exc_value))
ValidationException: workflow/job.yml:6:5: [Errno 2] No such file or directory: '/Users/viki/cwl_test/cwl_test/tool/chris/input_data/sample1_R1.trimmed.fastq.gz'
[ workflow.py : 473 ]
[ workflow.py : 255 ]
[ workflow.py : 280 ]
[ workflow.py : 255 ]
[ main.py : 641 ]
[ main.py : 412 ]
[ load_tool.py : 94 ]
[ workflow.py : 409 ]
[ workflow.py : 315 ]
[ workflow.py : 197 ]
[ workflow.py : 409 ]
[ workflow.py : 315 ]
[ workflow.py : 197 ]
[ workflow.py : 759 ]
Traceback (most recent call last):
  File "/Users/viki/cwl_test/cwl_test/tool/cwltool/workflow.py", line 753, in job
    runtimeContext):
  File "/Users/viki/cwl_test/cwl_test/tool/cwltool/command_line_tool.py", line 295, in job
    separateDirs=False)
  File "/Users/viki/cwl_test/cwl_test/tool/cwltool/pathmapper.py", line 220, in __init__
    self.setup(dedup(referenced_files), basedir)
  File "/Users/viki/cwl_test/cwl_test/tool/cwltool/pathmapper.py", line 273, in setup
    self.visit(fob, stagedir, basedir, copy=fob.get("writable"), staged=True)
  File "/Users/viki/cwl_test/cwl_test/tool/cwltool/pathmapper.py", line 262, in visit
    self.visitlisting(obj.get("secondaryFiles", []), stagedir, basedir, copy=copy, staged=staged)
  File "/usr/local/lib/python2.7/site-packages/schema_salad/sourceline.py", line 157, in __exit__
    raise self.makeError(six.text_type(exc_value))
ValidationException: workflow/job.yml:6:5: [Errno 2] No such file or directory: '/Users/viki/cwl_test/cwl_test/tool/chris/input_data/sample1_R1.trimmed.fastq.gz'
[ workflow.py : 473 ]
[ workflow.py : 255 ]
[ workflow.py : 280 ]
[ workflow.py : 255 ]
[ main.py : 641 ]
[ main.py : 412 ]
[ load_tool.py : 94 ]
[ workflow.py : 409 ]
[ workflow.py : 315 ]
[ workflow.py : 197 ]
[ workflow.py : 409 ]
[ workflow.py : 315 ]
[ workflow.py : 197 ]
[ workflow.py : 759 ]
Traceback (most recent call last):
  File "/Users/viki/cwl_test/cwl_test/tool/cwltool/workflow.py", line 753, in job
    runtimeContext):
  File "/Users/viki/cwl_test/cwl_test/tool/cwltool/command_line_tool.py", line 295, in job
    separateDirs=False)
  File "/Users/viki/cwl_test/cwl_test/tool/cwltool/pathmapper.py", line 220, in __init__
    self.setup(dedup(referenced_files), basedir)
  File "/Users/viki/cwl_test/cwl_test/tool/cwltool/pathmapper.py", line 273, in setup
    self.visit(fob, stagedir, basedir, copy=fob.get("writable"), staged=True)
  File "/Users/viki/cwl_test/cwl_test/tool/cwltool/pathmapper.py", line 262, in visit
    self.visitlisting(obj.get("secondaryFiles", []), stagedir, basedir, copy=copy, staged=staged)
  File "/usr/local/lib/python2.7/site-packages/schema_salad/sourceline.py", line 157, in __exit__
    raise self.makeError(six.text_type(exc_value))
ValidationException: workflow/job.yml:6:5: [Errno 2] No such file or directory: '/Users/viki/cwl_test/cwl_test/tool/chris/input_data/sample1_R1.trimmed.fastq.gz'
[ workflow.py : 473 ]
[ workflow.py : 255 ]
[ workflow.py : 280 ]
[ workflow.py : 255 ]
[ main.py : 641 ]
[ main.py : 412 ]
[ load_tool.py : 94 ]
[ workflow.py : 409 ]
[ workflow.py : 315 ]
[ workflow.py : 197 ]
[ workflow.py : 409 ]
[ workflow.py : 315 ]
[ workflow.py : 197 ]
[ workflow.py : 759 ]
Traceback (most recent call last):
  File "/Users/viki/cwl_test/cwl_test/tool/cwltool/workflow.py", line 753, in job
    runtimeContext):
  File "/Users/viki/cwl_test/cwl_test/tool/cwltool/command_line_tool.py", line 295, in job
    separateDirs=False)
  File "/Users/viki/cwl_test/cwl_test/tool/cwltool/pathmapper.py", line 220, in __init__
    self.setup(dedup(referenced_files), basedir)
  File "/Users/viki/cwl_test/cwl_test/tool/cwltool/pathmapper.py", line 273, in setup
    self.visit(fob, stagedir, basedir, copy=fob.get("writable"), staged=True)
  File "/Users/viki/cwl_test/cwl_test/tool/cwltool/pathmapper.py", line 262, in visit
    self.visitlisting(obj.get("secondaryFiles", []), stagedir, basedir, copy=copy, staged=staged)
  File "/usr/local/lib/python2.7/site-packages/schema_salad/sourceline.py", line 157, in __exit__
    raise self.makeError(six.text_type(exc_value))
ValidationException: workflow/job.yml:6:5: [Errno 2] No such file or directory: '/Users/viki/cwl_test/cwl_test/tool/chris/input_data/sample1_R1.trimmed.fastq.gz'
[ workflow.py : 473 ]
[ workflow.py : 255 ]
[ workflow.py : 280 ]
[ workflow.py : 255 ]
[ main.py : 641 ]
[ main.py : 412 ]
[ load_tool.py : 94 ]
[ workflow.py : 409 ]
[ workflow.py : 315 ]
[ workflow.py : 197 ]
[ workflow.py : 409 ]
[ workflow.py : 315 ]
[ workflow.py : 197 ]
[ workflow.py : 759 ]
Traceback (most recent call last):
  File "/Users/viki/cwl_test/cwl_test/tool/cwltool/workflow.py", line 753, in job
    runtimeContext):
  File "/Users/viki/cwl_test/cwl_test/tool/cwltool/command_line_tool.py", line 295, in job
    separateDirs=False)
  File "/Users/viki/cwl_test/cwl_test/tool/cwltool/pathmapper.py", line 220, in __init__
    self.setup(dedup(referenced_files), basedir)
  File "/Users/viki/cwl_test/cwl_test/tool/cwltool/pathmapper.py", line 273, in setup
    self.visit(fob, stagedir, basedir, copy=fob.get("writable"), staged=True)
  File "/Users/viki/cwl_test/cwl_test/tool/cwltool/pathmapper.py", line 262, in visit
    self.visitlisting(obj.get("secondaryFiles", []), stagedir, basedir, copy=copy, staged=staged)
  File "/usr/local/lib/python2.7/site-packages/schema_salad/sourceline.py", line 157, in __exit__
    raise self.makeError(six.text_type(exc_value))
ValidationException: workflow/job.yml:6:5: [Errno 2] No such file or directory: '/Users/viki/cwl_test/cwl_test/tool/chris/input_data/sample1_R1.trimmed.fastq.gz'
[ workflow.py : 473 ]
[ workflow.py : 255 ]
[ workflow.py : 280 ]
[ workflow.py : 255 ]
[ main.py : 641 ]
[ main.py : 412 ]
[ load_tool.py : 94 ]
[ workflow.py : 409 ]
[ workflow.py : 315 ]
[ workflow.py : 197 ]
[ workflow.py : 409 ]
[ workflow.py : 315 ]
[ workflow.py : 197 ]
[ workflow.py : 759 ]
Traceback (most recent call last):
  File "/Users/viki/cwl_test/cwl_test/tool/cwltool/workflow.py", line 753, in job
    runtimeContext):
  File "/Users/viki/cwl_test/cwl_test/tool/cwltool/command_line_tool.py", line 295, in job
    separateDirs=False)
  File "/Users/viki/cwl_test/cwl_test/tool/cwltool/pathmapper.py", line 220, in __init__
    self.setup(dedup(referenced_files), basedir)
  File "/Users/viki/cwl_test/cwl_test/tool/cwltool/pathmapper.py", line 273, in setup
    self.visit(fob, stagedir, basedir, copy=fob.get("writable"), staged=True)
  File "/Users/viki/cwl_test/cwl_test/tool/cwltool/pathmapper.py", line 262, in visit
    self.visitlisting(obj.get("secondaryFiles", []), stagedir, basedir, copy=copy, staged=staged)
  File "/usr/local/lib/python2.7/site-packages/schema_salad/sourceline.py", line 157, in __exit__
    raise self.makeError(six.text_type(exc_value))
ValidationException: workflow/job.yml:6:5: [Errno 2] No such file or directory: '/Users/viki/cwl_test/cwl_test/tool/chris/input_data/sample1_R1.trimmed.fastq.gz'
[ workflow.py : 473 ]
[ workflow.py : 255 ]
[ workflow.py : 280 ]
[ workflow.py : 255 ]
[ main.py : 641 ]
[ main.py : 412 ]
[ load_tool.py : 94 ]
[ workflow.py : 409 ]
[ workflow.py : 315 ]
[ workflow.py : 197 ]
[ workflow.py : 409 ]
[ workflow.py : 315 ]
[ workflow.py : 197 ]
[ command_line_tool.py : 357 ]
[ docker.py : 129 ]
[ main.py : 412 ]
[ load_tool.py : 94 ]
[ workflow.py : 409 ]
[ workflow.py : 315 ]
[ workflow.py : 197 ]
[ workflow.py : 409 ]
[ workflow.py : 315 ]
[ workflow.py : 197 ]
[ command_line_tool.py : 357 ]
[ docker.py : 129 ]
[ main.py : 412 ]
[ load_tool.py : 94 ]
[ workflow.py : 409 ]
[ workflow.py : 315 ]
[ workflow.py : 197 ]
[ workflow.py : 409 ]
[ workflow.py : 315 ]
[ workflow.py : 197 ]
[ command_line_tool.py : 357 ]
[ docker.py : 129 ]
[ docker.py : 374 ]
[ job.py : 224 ]
[ job.py : 506 ]
[ job.py : 521 ]
[ job.py : 522 ]
[ main.py : 412 ]
[ load_tool.py : 94 ]
[ workflow.py : 409 ]
[ workflow.py : 315 ]
[ workflow.py : 197 ]
[ workflow.py : 409 ]
[ workflow.py : 315 ]
[ workflow.py : 197 ]
[ command_line_tool.py : 357 ]
[ docker.py : 374 ]
[ job.py : 224 ]
[ job.py : 506 ]
[ job.py : 521 ]
[ main.py : 412 ]
[ load_tool.py : 94 ]
[ workflow.py : 409 ]
[ workflow.py : 315 ]
[ workflow.py : 197 ]
[ workflow.py : 409 ]
[ workflow.py : 315 ]
[ workflow.py : 197 ]
[ command_line_tool.py : 357 ]
[ docker.py : 374 ]
[ job.py : 224 ]
[ job.py : 506 ]
[ job.py : 521 ]
[ job.py : 313 ]
[ job.py : 327 ]
[ workflow.py : 270 ]
[ workflow.py : 270 ]
[ workflow.py : 280 ]
[ workflow.py : 255 ]
[ workflow.py : 280 ]
[ workflow.py : 255 ]
[ main.py : 641 ]
[ main.py : 412 ]
[ load_tool.py : 94 ]
[ workflow.py : 410 ]
[ workflow.py : 315 ]
[ workflow.py : 197 ]
[ workflow.py : 410 ]
[ workflow.py : 315 ]
[ workflow.py : 197 ]
[ command_line_tool.py : 357 ]
[ docker.py : 374 ]
[ job.py : 224 ]
[ job.py : 506 ]
[ job.py : 521 ]
[ job.py : 313 ]
[ job.py : 327 ]
[ workflow.py : 270 ]
[ workflow.py : 270 ]
[ workflow.py : 280 ]
[ workflow.py : 255 ]
[ workflow.py : 280 ]
[ workflow.py : 255 ]
[ main.py : 641 ]
[ main.py : 412 ]
[ load_tool.py : 94 ]
[ workflow.py : 410 ]
[ workflow.py : 315 ]
[ workflow.py : 197 ]
[ workflow.py : 410 ]
[ workflow.py : 315 ]
[ workflow.py : 197 ]
[ command_line_tool.py : 357 ]
[ docker.py : 374 ]
[ job.py : 224 ]
[ job.py : 493 ]
[ job.py : 508 ]
[ main.py : 658 ]
[ main.py : 415 ]
[ load_tool.py : 94 ]
[ workflow.py : 410 ]
[ workflow.py : 315 ]
[ workflow.py : 197 ]
[ workflow.py : 410 ]
[ workflow.py : 315 ]
[ workflow.py : 197 ]
[ command_line_tool.py : 357 ]
[ docker.py : 374 ]
[ job.py : 225 ]
[ job.py : 494 ]
[ job.py : 509 ]
[ main.py : 661 ]
[ main.py : 415 ]
[ load_tool.py : 94 ]
[ workflow.py : 410 ]
[ workflow.py : 315 ]
[ workflow.py : 197 ]
[ workflow.py : 410 ]
[ workflow.py : 315 ]
[ workflow.py : 197 ]
[ command_line_tool.py : 357 ]
[ docker.py : 374 ]
[ job.py : 225 ]
[ job.py : 435 ]
[ job.py : 450 ]
[ executors.py : 167 ]
[ main.py : 644 ]
[ main.py : 415 ]
[ load_tool.py : 94 ]
[ workflow.py : 409 ]
[ workflow.py : 315 ]
[ workflow.py : 197 ]
[ workflow.py : 409 ]
[ workflow.py : 315 ]
[ workflow.py : 197 ]
[ command_line_tool.py : 357 ]
[ docker.py : 374 ]
[ job.py : 225 ]
[ job.py : 504 ]
[ job.py : 519 ]
[ job.py : 520 ]
[ job.py : 330 ]
[ workflow.py : 282 ]
[ workflow.py : 315 ]
[ workflow.py : 197 ]
[ command_line_tool.py : 357 ]
[ docker.py : 129 ]
[ docker.py : 374 ]
[ job.py : 225 ]
[ job.py : 504 ]
[ job.py : 519 ]
[ job.py : 520 ]
[ job.py : 330 ]
[ workflow.py : 282 ]
[ workflow.py : 255 ]
[ workflow.py : 282 ]
[ workflow.py : 315 ]
[ workflow.py : 197 ]
[ workflow.py : 409 ]
[ workflow.py : 315 ]
[ workflow.py : 197 ]
[ command_line_tool.py : 357 ]
[ docker.py : 129 ]
[ docker.py : 374 ]
[ job.py : 225 ]
[ job.py : 504 ]
[ job.py : 519 ]
[ job.py : 520 ]
[ job.py : 330 ]
[ workflow.py : 282 ]
[ workflow.py : 255 ]
[ workflow.py : 197 ]
[ workflow.py : 409 ]
[ workflow.py : 315 ]
[ workflow.py : 197 ]
[ command_line_tool.py : 357 ]
[ docker.py : 374 ]
[ job.py : 225 ]
[ job.py : 504 ]
[ job.py : 519 ]
[ job.py : 520 ]
[ job.py : 330 ]
[ workflow.py : 282 ]
[ workflow.py : 255 ]
[ workflow.py : 282 ]
[ workflow.py : 255 ]
[ main.py : 646 ]
